0 info it worked if it ends with ok
1 verbose cli [ 'C:\\Users\\Lucena\\AppData\\Local\\atom\\app-1.21.1\\resources\\app\\apm\\bin\\node.exe',
1 verbose cli   'C:\\Users\\Lucena\\AppData\\Local\\atom\\app-1.21.1\\resources\\app\\apm\\node_modules\\npm\\bin\\npm-cli.js',
1 verbose cli   'version',
1 verbose cli   '0.4.2',
1 verbose cli   '-m',
1 verbose cli   'Prepare %s release' ]
2 info using npm@3.10.10
3 info using node@v6.9.5
4 info git [ 'status', '--porcelain' ]
5 verbose stack Error: Git working directory not clean.
5 verbose stack M grammars/potigol.cson
5 verbose stack M package.json
5 verbose stack M settings/language-potigol.cson
5 verbose stack M snippets/language-potigol.cson
5 verbose stack     at C:\Users\Lucena\AppData\Local\atom\app-1.21.1\resources\app\apm\node_modules\npm\lib\version.js:247:19
5 verbose stack     at C:\Users\Lucena\AppData\Local\atom\app-1.21.1\resources\app\apm\node_modules\npm\lib\utils\no-progress-while-running.js:21:8
5 verbose stack     at ChildProcess.exithandler (child_process.js:197:7)
5 verbose stack     at emitTwo (events.js:106:13)
5 verbose stack     at ChildProcess.emit (events.js:191:7)
5 verbose stack     at maybeClose (internal/child_process.js:877:16)
5 verbose stack     at Process.ChildProcess._handle.onexit (internal/child_process.js:226:5)
6 verbose cwd C:\Users\Lucena\github\language-potigol
7 error Windows_NT 10.0.15063
8 error argv "C:\\Users\\Lucena\\AppData\\Local\\atom\\app-1.21.1\\resources\\app\\apm\\bin\\node.exe" "C:\\Users\\Lucena\\AppData\\Local\\atom\\app-1.21.1\\resources\\app\\apm\\node_modules\\npm\\bin\\npm-cli.js" "version" "0.4.2" "-m" "Prepare %s release"
9 error node v6.9.5
10 error npm  v3.10.10
11 error Git working directory not clean.
11 error M grammars/potigol.cson
11 error M package.json
11 error M settings/language-potigol.cson
11 error M snippets/language-potigol.cson
12 error If you need help, you may report this error at:
12 error     <https://github.com/npm/npm/issues>
13 verbose exit [ 1, true ]
